#
# There is insufficient memory for the Java Runtime Environment to continue.
# Native memory allocation (mmap) failed to map 289406976 bytes for Failed to commit area from 0x00000006ec800000 to 0x00000006fdc00000 of length 289406976.
# Possible reasons:
#   The system is out of physical RAM or swap space
#   The process is running with CompressedOops enabled, and the Java Heap may be blocking the growth of the native heap
# Possible solutions:
#   Reduce memory load on the system
#   Increase physical memory or swap space
#   Check if swap backing store is full
#   Decrease Java heap size (-Xmx/-Xms)
#   Decrease number of Java threads
#   Decrease Java thread stack sizes (-Xss)
#   Set larger code cache with -XX:ReservedCodeCacheSize=
#   JVM is running with Zero Based Compressed Oops mode in which the Java heap is
#     placed in the first 32GB address space. The Java Heap base address is the
#     maximum limit for the native heap growth. Please use -XX:HeapBaseMinAddress
#     to set the Java Heap base and to place the Java Heap above 32GB virtual address.
# This output file may be truncated or incomplete.
#
#  Out of Memory Error (./open/src/hotspot/os/windows/os_windows.cpp:3315), pid=4188, tid=16828
#
# JRE version:  (14.0.1+7) (build )
# Java VM: OpenJDK 64-Bit Server VM (14.0.1+7, mixed mode, sharing, tiered, compressed oops, g1 gc, windows-amd64)
# No core dump will be written. Minidumps are not enabled by default on client versions of Windows
#

---------------  S U M M A R Y ------------

Command Line: -javaagent:C:\Program Files\JetBrains\IntelliJ IDEA Community Edition 2020.1.1\lib\idea_rt.jar=57591:C:\Program Files\JetBrains\IntelliJ IDEA Community Edition 2020.1.1\bin -Dfile.encoding=UTF-8 com.example.demo.DemoApplication

Host: AMD FX(tm)-8320 Eight-Core Processor           , 8 cores, 17G,  Windows 10 , 64 bit Build 18362 (10.0.18362.1714)
Time: Sat Aug 21 15:40:18 2021 RTZ 2 (ceia) elapsed time: 0 seconds (0d 0h 0m 0s)

---------------  T H R E A D  ---------------

Current thread (0x0000014433012000):  JavaThread "Unknown thread" [_thread_in_vm, id=16828, stack(0x000000043f400000,0x000000043f500000)]

Stack: [0x000000043f400000,0x000000043f500000]
Native frames: (J=compiled Java code, j=interpreted, Vv=VM code, C=native code)
V  [jvm.dll+0x5f840a]
V  [jvm.dll+0x741e4a]
V  [jvm.dll+0x7435ff]
V  [jvm.dll+0x743c43]
V  [jvm.dll+0x20d288]
V  [jvm.dll+0x5f57ba]
V  [jvm.dll+0x5ea615]
V  [jvm.dll+0x2c7e9c]
V  [jvm.dll+0x2c7cd2]
V  [jvm.dll+0x2cdbbc]
V  [jvm.dll+0x313ff8]
V  [jvm.dll+0x313720]
V  [jvm.dll+0x2a092a]
V  [jvm.dll+0x2a1a79]
V  [jvm.dll+0x71f718]
V  [jvm.dll+0x321c44]
V  [jvm.dll+0x700b0c]
V  [jvm.dll+0x392dff]
V  [jvm.dll+0x394e71]
C  [jli.dll+0x523b]
C  [ucrtbase.dll+0x210b2]
C  [KERNEL32.DLL+0x17c24]
C  [ntdll.dll+0x6d721]


---------------  P R O C E S S  ---------------

Threads class SMR info:
_java_thread_list=0x00007ff8aca93078, length=0, elements={
}

Java Threads: ( => current thread )

Other Threads:
  0x000001443307f000 GCTaskThread "GC Thread#0" [stack: 0x000000043f500000,0x000000043f600000] [id=12972]
  0x00000144330a3000 ConcurrentGCThread "G1 Main Marker" [stack: 0x000000043f600000,0x000000043f700000] [id=3068]
  0x00000144330a4000 ConcurrentGCThread "G1 Conc#0" [stack: 0x000000043f700000,0x000000043f800000] [id=16124]

[error occurred during error reporting (printing all threads), id 0xc0000005, EXCEPTION_ACCESS_VIOLATION (0xc0000005) at pc=0x00007ff8ac2c1257]

VM state:not at safepoint (not fully initialized)

VM Mutex/Monitor currently owned by a thread:  ([mutex/lock_event])
[0x000001443300dea0] Heap_lock - owner thread: 0x0000014433012000

Heap address: 0x00000006ec800000, size: 4408 MB, Compressed Oops mode: Zero based, Oop shift amount: 3
Narrow klass base: 0x0000000000000000, Narrow klass shift: 0

GC Heap History (0 events):
No events

Deoptimization events (0 events):
No events

Classes unloaded (0 events):
No events

Classes redefined (0 events):
No events

Internal exceptions (0 events):
No events

Events (2 events):
Event: 0.015 Loaded shared library C:\Users\1\.jdks\openjdk-14.0.1-1\bin\java.dll
Event: 0.017 Loaded shared library C:\Users\1\.jdks\openjdk-14.0.1-1\bin\zip.dll


Dynamic libraries:
0x00007ff6b67f0000 - 0x00007ff6b67fd000 	C:\Users\1\.jdks\openjdk-14.0.1-1\bin\java.exe
0x00007ff8dcbc0000 - 0x00007ff8dcdb0000 	C:\WINDOWS\SYSTEM32\ntdll.dll
0x00007ff8dc240000 - 0x00007ff8dc2f2000 	C:\WINDOWS\System32\KERNEL32.DLL
0x00007ff8d9e60000 - 0x00007ff8da106000 	C:\WINDOWS\System32\KERNELBASE.dll
0x00007ff8da270000 - 0x00007ff8da36a000 	C:\WINDOWS\System32\ucrtbase.dll
0x00007ff8d3110000 - 0x00007ff8d3125000 	C:\Users\1\.jdks\openjdk-14.0.1-1\bin\VCRUNTIME140.dll
0x00007ff8d3130000 - 0x00007ff8d3148000 	C:\Users\1\.jdks\openjdk-14.0.1-1\bin\jli.dll
0x00007ff8db270000 - 0x00007ff8db404000 	C:\WINDOWS\System32\USER32.dll
0x00007ff8d9e30000 - 0x00007ff8d9e51000 	C:\WINDOWS\System32\win32u.dll
0x00007ff8d32f0000 - 0x00007ff8d3574000 	C:\WINDOWS\WinSxS\amd64_microsoft.windows.common-controls_6595b64144ccf1df_6.0.18362.1734_none_9e7c63e3e45fdc87\COMCTL32.dll
0x00007ff8dc920000 - 0x00007ff8dc946000 	C:\WINDOWS\System32\GDI32.dll
0x00007ff8d9b20000 - 0x00007ff8d9cb8000 	C:\WINDOWS\System32\gdi32full.dll
0x00007ff8dc1a0000 - 0x00007ff8dc23e000 	C:\WINDOWS\System32\msvcrt.dll
0x00007ff8d9d90000 - 0x00007ff8d9e2e000 	C:\WINDOWS\System32\msvcp_win.dll
0x00007ff8dc4c0000 - 0x00007ff8dc7f6000 	C:\WINDOWS\System32\combase.dll
0x00007ff8dc800000 - 0x00007ff8dc91f000 	C:\WINDOWS\System32\RPCRT4.dll
0x00007ff8da370000 - 0x00007ff8da3f4000 	C:\WINDOWS\System32\bcryptPrimitives.dll
0x00007ff8db240000 - 0x00007ff8db26e000 	C:\WINDOWS\System32\IMM32.DLL
0x00007ff8c8e10000 - 0x00007ff8c8eab000 	C:\Users\1\.jdks\openjdk-14.0.1-1\bin\msvcp140.dll
0x00007ff8ac010000 - 0x00007ff8acb2e000 	C:\Users\1\.jdks\openjdk-14.0.1-1\bin\server\jvm.dll
0x00007ff8dbfa0000 - 0x00007ff8dc043000 	C:\WINDOWS\System32\ADVAPI32.dll
0x00007ff8dc100000 - 0x00007ff8dc197000 	C:\WINDOWS\System32\sechost.dll
0x00007ff8dbd20000 - 0x00007ff8dbd28000 	C:\WINDOWS\System32\PSAPI.DLL
0x00007ff8c4610000 - 0x00007ff8c4619000 	C:\WINDOWS\SYSTEM32\WSOCK32.dll
0x00007ff8db410000 - 0x00007ff8db47f000 	C:\WINDOWS\System32\WS2_32.dll
0x00007ff8d3640000 - 0x00007ff8d364a000 	C:\WINDOWS\SYSTEM32\VERSION.dll
0x00007ff8d7640000 - 0x00007ff8d7664000 	C:\WINDOWS\SYSTEM32\WINMM.dll
0x00007ff8d7610000 - 0x00007ff8d763d000 	C:\WINDOWS\SYSTEM32\WINMMBASE.dll
0x00007ff8dab80000 - 0x00007ff8dabca000 	C:\WINDOWS\System32\cfgmgr32.dll
0x00007ff8d9ae0000 - 0x00007ff8d9af1000 	C:\WINDOWS\System32\kernel.appcore.dll
0x00007ff8d7700000 - 0x00007ff8d770a000 	C:\Users\1\.jdks\openjdk-14.0.1-1\bin\jimage.dll
0x00007ff8cf390000 - 0x00007ff8cf584000 	C:\WINDOWS\SYSTEM32\DBGHELP.DLL
0x00007ff8cf2e0000 - 0x00007ff8cf30a000 	C:\WINDOWS\SYSTEM32\dbgcore.DLL
0x00007ff8cdc40000 - 0x00007ff8cdc4e000 	C:\Users\1\.jdks\openjdk-14.0.1-1\bin\instrument.dll
0x00007ff8cdee0000 - 0x00007ff8cdf05000 	C:\Users\1\.jdks\openjdk-14.0.1-1\bin\java.dll
0x00007ff8ce0d0000 - 0x00007ff8ce0e6000 	C:\Users\1\.jdks\openjdk-14.0.1-1\bin\zip.dll

dbghelp: loaded successfully - version: 4.0.5 - missing functions: none
symbol engine: initialized successfully - sym options: 0x614 - pdb path: .;C:\Users\1\.jdks\openjdk-14.0.1-1\bin;C:\WINDOWS\SYSTEM32;C:\WINDOWS\WinSxS\amd64_microsoft.windows.common-controls_6595b64144ccf1df_6.0.18362.1734_none_9e7c63e3e45fdc87;C:\Users\1\.jdks\openjdk-14.0.1-1\bin\server

VM Arguments:
jvm_args: -javaagent:C:\Program Files\JetBrains\IntelliJ IDEA Community Edition 2020.1.1\lib\idea_rt.jar=57591:C:\Program Files\JetBrains\IntelliJ IDEA Community Edition 2020.1.1\bin -Dfile.encoding=UTF-8 
java_command: com.example.demo.DemoApplication
java_class_path (initial): C:\java\gb-spring-homework\target\classes;C:\Users\1\.m2\repository\org\springframework\boot\spring-boot-starter-web\2.5.4\spring-boot-starter-web-2.5.4.jar;C:\Users\1\.m2\repository\org\springframework\boot\spring-boot-starter\2.5.4\spring-boot-starter-2.5.4.jar;C:\Users\1\.m2\repository\org\springframework\boot\spring-boot\2.5.4\spring-boot-2.5.4.jar;C:\Users\1\.m2\repository\org\springframework\boot\spring-boot-autoconfigure\2.5.4\spring-boot-autoconfigure-2.5.4.jar;C:\Users\1\.m2\repository\org\springframework\boot\spring-boot-starter-logging\2.5.4\spring-boot-starter-logging-2.5.4.jar;C:\Users\1\.m2\repository\ch\qos\logback\logback-classic\1.2.5\logback-classic-1.2.5.jar;C:\Users\1\.m2\repository\ch\qos\logback\logback-core\1.2.5\logback-core-1.2.5.jar;C:\Users\1\.m2\repository\org\apache\logging\log4j\log4j-to-slf4j\2.14.1\log4j-to-slf4j-2.14.1.jar;C:\Users\1\.m2\repository\org\apache\logging\log4j\log4j-api\2.14.1\log4j-api-2.14.1.jar;C:\Users\1\.m2\repository\org\slf4j\jul-to-slf4j\1.7.32\jul-to-slf4j-1.7.32.jar;C:\Users\1\.m2\repository\org\yaml\snakeyaml\1.28\snakeyaml-1.28.jar;C:\Users\1\.m2\repository\org\springframework\boot\spring-boot-starter-json\2.5.4\spring-boot-starter-json-2.5.4.jar;C:\Users\1\.m2\repository\com\fasterxml\jackson\core\jackson-databind\2.12.4\jackson-databind-2.12.4.jar;C:\Users\1\.m2\repository\com\fasterxml\jackson\core\jackson-annotations\2.12.4\jackson-annotations-2.12.4.jar;C:\Users\1\.m2\repository\com\fasterxml\jackson\core\jackson-core\2.12.4\jackson-core-2.12.4.jar;C:\Users\1\.m2\repository\com\fasterxml\jackson\datatype\jackson-datatype-jdk8\2.12.4\jackson-datatype-jdk8-2.12.4.jar;C:\Users\1\.m2\repository\com\fasterxml\jackson\datatype\jackson-datatype-jsr310\2.12.4\jackson-datatype-jsr310-2.12.4.jar;C:\Users\1\.m2\repository\com\fasterxml\jackson\module\jackson-module-parameter-names\2.12.4\jackson-module-parameter-names-2.12.4.jar;C:\Users\1\.m2\repository\org\springframework\spring-web\5
Launcher Type: SUN_STANDARD

[Global flags]
     intx CICompilerCount                          = 4                                         {product} {ergonomic}
     uint ConcGCThreads                            = 2                                         {product} {ergonomic}
     uint G1ConcRefinementThreads                  = 8                                         {product} {ergonomic}
   size_t G1HeapRegionSize                         = 1048576                                   {product} {ergonomic}
    uintx GCDrainStackTargetSize                   = 64                                        {product} {ergonomic}
   size_t InitialHeapSize                          = 289406976                                 {product} {ergonomic}
   size_t MarkStackSize                            = 4194304                                   {product} {ergonomic}
   size_t MaxHeapSize                              = 4622123008                                {product} {ergonomic}
   size_t MinHeapDeltaBytes                        = 1048576                                   {product} {ergonomic}
   size_t MinHeapSize                              = 8388608                                   {product} {ergonomic}
    uintx NonNMethodCodeHeapSize                   = 5839372                                {pd product} {ergonomic}
    uintx NonProfiledCodeHeapSize                  = 122909434                              {pd product} {ergonomic}
    uintx ProfiledCodeHeapSize                     = 122909434                              {pd product} {ergonomic}
    uintx ReservedCodeCacheSize                    = 251658240                              {pd product} {ergonomic}
     bool SegmentedCodeCache                       = true                                      {product} {ergonomic}
   size_t SoftMaxHeapSize                          = 4622123008                             {manageable} {ergonomic}
     bool UseCompressedClassPointers               = true                                 {lp64_product} {ergonomic}
     bool UseCompressedOops                        = true                                 {lp64_product} {ergonomic}
     bool UseG1GC                                  = true                                      {product} {ergonomic}
     bool UseLargePagesIndividualAllocation        = false                                  {pd product} {ergonomic}

Logging:
Log output configuration:
 #0: stdout all=warning uptime,level,tags
 #1: stderr all=off uptime,level,tags

Environment Variables:
JAVA_HOME=C:\Program Files\AdoptOpenJDK\jre-14.0.1.7-hotspot
CLASSPATH=;
PATH=C:\Program Files\AdoptOpenJDK\jre-14.0.1.7-hotspot\bin;C:\Program Files (x86)\Common Files\Oracle\Java\javapath;C:\Program Files (x86)\NVIDIA Corporation\PhysX\Common;C:\WINDOWS\system32;C:\WINDOWS;C:\WINDOWS\System32\Wbem;C:\WINDOWS\System32\WindowsPowerShell\v1.0\;C:\WINDOWS\System32\OpenSSH\;C:\Program Files\dotnet\;C:\Program Files\Git\cmd;C:\Program Files\PuTTY\;C:\apache-maven-3.8.1\bin;;C:\Program Files (x86)\NetSarang\Xftp 7\;C:\Program Files (x86)\NetSarang\Xshell 7\;C:\Program Files\Docker\Docker\resources\bin;C:\ProgramData\DockerDesktop\version-bin;C:\Users\1\AppData\Local\Microsoft\WindowsApps;C:\Program Files\JetBrains\IntelliJ IDEA Community Edition 2020.1.1\bin;C:\Users\1\AppData\Local\GitHubDesktop\bin;C:\ProgramData\1\GitHubDesktop\bin;C:\Users\1\AppData\Local\Microsoft\WindowsApps;C:\Users\1\.jdks\openjdk-14.0.1-1;C:\apache-maven-3.8.1\bin;
USERNAME=1
OS=Windows_NT
PROCESSOR_IDENTIFIER=AMD64 Family 21 Model 2 Stepping 0, AuthenticAMD



---------------  S Y S T E M  ---------------

OS: Windows 10 , 64 bit Build 18362 (10.0.18362.1714)
OS uptime: 2 days 20:46 hours
HyperV virtualization detected

CPU:total 8 (initial active 8) (8 cores per cpu, 1 threads per core) family 21 model 2 stepping 0, cmov, cx8, fxsr, mmx, sse, sse2, sse3, ssse3, sse4.1, sse4.2, popcnt, avx, aes, clmul, mmxext, 3dnowpref, lzcnt, sse4a, tsc, tscinvbit, tscinv, bmi1, fma

Memory: 4k page, system-wide physical 17629M (5288M free)
TotalPageFile size 17629M (AvailPageFile size 153M)
current process WorkingSet (physical memory assigned to process): 10M, peak: 10M
current process commit charge ("private bytes"): 61M, peak: 337M

vm_info: OpenJDK 64-Bit Server VM (14.0.1+7) for windows-amd64 JRE (14.0.1+7), built on Mar  5 2020 10:30:04 by "mach5one" with MS VC++ 15.9 (VS2017)

END.
